[ 2014-05-22T17:02:58+08:00 ] 127.0.0.1 /index.php?g=Admin&m=setting&a=site_post
INFO: [ app_begin ] --START--
INFO: Run Behavior\ReadHtmlCacheBehavior [ RunTime:0.001102s ]
INFO: [ app_begin ] --END-- [ RunTime:0.001593s ]
SQL: SHOW COLUMNS FROM `sp_users` [ RunTime:0.003280s ]
SQL: SELECT * FROM `sp_users` WHERE ( ID=1 ) LIMIT 1   [ RunTime:0.000338s ]
SQL: SHOW COLUMNS FROM `sp_options` [ RunTime:0.002682s ]
SQL: REPLACE INTO `sp_options` (`option_id`,`option_name`,`option_value`) VALUES (1146,'site_options','{\"site_name\":\"ThinkCMF\\u6f14\\u793a12666\",\"site_host\":\"http:\\/\\/demo.thinkcmf.com\\/\",\"site_root\":\"\\/\",\"site_tpl\":\"agirl\",\"site_icp\":\" xxbua\",\"site_admin_email\":\"cmf@simplewind.net\",\"site_tongji\":\"<script>\\nvar _hmt = _hmt || [];\\n(function() {\\n  var hm = document.createElement(\\\"script\\\");\\n  hm.src = \\\"\\/\\/hm.baidu.com\\/hm.js?86df5bbc727f45472213e7d793285a4b\\\";\\n  var s = document.getElementsByTagName(\\\"script\\\")[0]; \\n  s.parentNode.insertBefore(hm, s);\\n})(); \\n<\\/script>\",\"site_copyright\":\"\",\"site_seo_title\":\"ThinkCMF\\u5185\\u5bb9\\u7ba1\\u7406\\u6846\\u67b6\",\"site_seo_keywords\":\"CMF,CMS,\\u5185\\u5bb9\\u7ba1\\u7406\\u6846\\u67b6\",\"site_seo_description\":\"ThinkCMF\\u662f\\u7b2c\\u4e00\\u6b3ePHP\\u4e2d\\u6587\\u5185\\u5bb9\\u7ba1\\u7406\\u6846\\u67b6\",\"urlmode\":\"2\",\"html_suffix\":\".html\",\"ucenter_enabled\":\"1\"}') [ RunTime:0.044546s ]
NOTIC: [8] Undefined index: data D:\AppServ\www\cmf2\application\Common\Action\AppframeAction.class.php 第 62 行.

[ 2014-05-22T17:03:13+08:00 ] 127.0.0.1 /Admin/nav/edit/id/1/parentid/0/cid/4.html
ERR: Think\Controller:_get方法不存在！

[ 2014-05-22T17:04:06+08:00 ] 127.0.0.1 /Admin/public/dologin.html
INFO: [ app_begin ] --START--
INFO: Run Behavior\ReadHtmlCacheBehavior [ RunTime:0.000706s ]
INFO: [ app_begin ] --END-- [ RunTime:0.001240s ]
SQL: SHOW COLUMNS FROM `sp_users` [ RunTime:0.003553s ]
SQL: SELECT * FROM `sp_users` WHERE ( `user_login` = 'admin' ) LIMIT 1   [ RunTime:0.000378s ]
SQL: UPDATE `sp_users` SET `user_login`='admin',`user_pass`='c535018ee946f379eaf3c831b04de153469d1bec345e89af',`user_nicename`='管理员',`user_email`='479923197@qq.com',`user_url`='',`last_login_ip`='127.0.0.1',`last_login_time`='2014-05-22 17:04:06',`create_time`='2013-12-11 00:00:00',`user_activation_key`='',`user_status`=1,`display_name`='',`role_id`=1 WHERE ( `ID` = '1' ) [ RunTime:0.000257s ]
NOTIC: [8] Undefined index: data D:\AppServ\www\cmf2\application\Common\Action\AppframeAction.class.php 第 62 行.

[ 2014-05-22T17:04:20+08:00 ] 127.0.0.1 /Admin/nav/edit/id/1/parentid/0/cid/4.html
ERR: Think\Controller:_get方法不存在！

[ 2014-05-22T17:05:00+08:00 ] 127.0.0.1 /Admin/nav/edit/id/1/parentid/0/cid/4.html
ERR: Think\Controller:_get方法不存在！

[ 2014-05-22T17:05:01+08:00 ] 127.0.0.1 /Admin/nav/edit/id/1/parentid/0/cid/4.html
ERR: Think\Controller:_get方法不存在！

[ 2014-05-22T17:05:01+08:00 ] 127.0.0.1 /Admin/nav/edit/id/1/parentid/0/cid/4.html
ERR: Think\Controller:_get方法不存在！

[ 2014-05-22T17:05:02+08:00 ] 127.0.0.1 /Admin/nav/edit/id/1/parentid/0/cid/4.html
ERR: Think\Controller:_get方法不存在！

[ 2014-05-22T17:05:19+08:00 ] 127.0.0.1 /Admin/nav/edit/id/11/parentid/0/cid/4.html
ERR: Think\Controller:_get方法不存在！

[ 2014-05-22T17:50:24+08:00 ] 127.0.0.1 /Portal/List/nav_index.html
INFO: [ app_init ] --START--
INFO: Run Behavior\BuildLiteBehavior [ RunTime:0.000028s ]
INFO: [ app_init ] --END-- [ RunTime:0.000900s ]
INFO: [ app_begin ] --START--
INFO: Run Behavior\ReadHtmlCacheBehavior [ RunTime:0.001366s ]
INFO: [ app_begin ] --END-- [ RunTime:0.001487s ]
SQL: SHOW COLUMNS FROM `sp_terms` [ RunTime:0.003742s ]
SQL: SELECT `term_id`,`name` FROM `sp_terms` WHERE ( `status` = 1 ) ORDER BY term_id  [ RunTime:0.000483s ]
INFO: [ app_end ] --START--
INFO: Run Behavior\ShowPageTraceBehavior [ RunTime:0.001423s ]
INFO: [ app_end ] --END-- [ RunTime:0.001505s ]

[ 2014-05-22T17:50:38+08:00 ] 127.0.0.1 /Portal/List/nav_index.html
INFO: [ app_init ] --START--
INFO: Run Behavior\BuildLiteBehavior [ RunTime:0.000032s ]
INFO: [ app_init ] --END-- [ RunTime:0.003327s ]
INFO: [ app_begin ] --START--
INFO: Run Behavior\ReadHtmlCacheBehavior [ RunTime:0.002446s ]
INFO: [ app_begin ] --END-- [ RunTime:0.002725s ]
SQL: SHOW COLUMNS FROM `sp_terms` [ RunTime:0.017500s ]
SQL: SELECT `term_id`,`name` FROM `sp_terms` WHERE ( `status` = 1 ) ORDER BY term_id  [ RunTime:0.000428s ]
INFO: [ app_end ] --START--
INFO: Run Behavior\ShowPageTraceBehavior [ RunTime:0.002010s ]
INFO: [ app_end ] --END-- [ RunTime:0.002107s ]

[ 2014-05-22T17:51:38+08:00 ] 127.0.0.1 /Portal/List/nav_index.html
INFO: [ app_init ] --START--
INFO: Run Behavior\BuildLiteBehavior [ RunTime:0.000024s ]
INFO: [ app_init ] --END-- [ RunTime:0.000512s ]
INFO: [ app_begin ] --START--
INFO: Run Behavior\ReadHtmlCacheBehavior [ RunTime:0.001748s ]
INFO: [ app_begin ] --END-- [ RunTime:0.001863s ]
SQL: SHOW COLUMNS FROM `sp_terms` [ RunTime:0.004849s ]
SQL: SELECT `term_id`,`name` FROM `sp_terms` WHERE ( `status` = 1 ) ORDER BY term_id  [ RunTime:0.000450s ]
INFO: [ app_end ] --START--
INFO: Run Behavior\ShowPageTraceBehavior [ RunTime:0.001532s ]
INFO: [ app_end ] --END-- [ RunTime:0.001630s ]

[ 2014-05-22T17:51:56+08:00 ] 127.0.0.1 /Portal/List/nav_index.html
INFO: [ app_init ] --START--
INFO: Run Behavior\BuildLiteBehavior [ RunTime:0.000031s ]
INFO: [ app_init ] --END-- [ RunTime:0.000617s ]
INFO: [ app_begin ] --START--
INFO: Run Behavior\ReadHtmlCacheBehavior [ RunTime:0.001003s ]
INFO: [ app_begin ] --END-- [ RunTime:0.001185s ]
SQL: SHOW COLUMNS FROM `sp_terms` [ RunTime:0.005139s ]
SQL: SELECT `term_id`,`name` FROM `sp_terms` WHERE ( `status` = 1 ) ORDER BY term_id  [ RunTime:0.000363s ]
INFO: [ app_end ] --START--
INFO: Run Behavior\ShowPageTraceBehavior [ RunTime:0.001107s ]
INFO: [ app_end ] --END-- [ RunTime:0.001198s ]

[ 2014-05-22T17:52:57+08:00 ] 127.0.0.1 /Portal/List/nav_index.html
INFO: [ app_init ] --START--
INFO: Run Behavior\BuildLiteBehavior [ RunTime:0.000027s ]
INFO: [ app_init ] --END-- [ RunTime:0.000743s ]
INFO: [ app_begin ] --START--
INFO: Run Behavior\ReadHtmlCacheBehavior [ RunTime:0.001644s ]
INFO: [ app_begin ] --END-- [ RunTime:0.001760s ]
SQL: SHOW COLUMNS FROM `sp_terms` [ RunTime:0.004173s ]
SQL: SELECT `term_id`,`name` FROM `sp_terms` WHERE ( `status` = 1 ) ORDER BY term_id  [ RunTime:0.000437s ]
INFO: [ app_end ] --START--
INFO: Run Behavior\ShowPageTraceBehavior [ RunTime:0.001304s ]
INFO: [ app_end ] --END-- [ RunTime:0.001387s ]

[ 2014-05-22T17:52:57+08:00 ] 127.0.0.1 /Portal/Page/nav_index.html
INFO: [ app_init ] --START--
INFO: Run Behavior\BuildLiteBehavior [ RunTime:0.000029s ]
INFO: [ app_init ] --END-- [ RunTime:0.000739s ]
INFO: [ app_begin ] --START--
INFO: Run Behavior\ReadHtmlCacheBehavior [ RunTime:0.001455s ]
INFO: [ app_begin ] --END-- [ RunTime:0.001609s ]
NOTIC: [8] Undefined offset: 1 D:\AppServ\www\cmf2\application\Common\Common\function.php 第 129 行.
SQL: SHOW COLUMNS FROM `sp_posts` [ RunTime:0.020812s ]
SQL: SELECT `ID`,`post_title` FROM `sp_posts` WHERE ( `post_status` = 1 ) AND ( `post_type` = 2 ) ORDER BY post_date  [ RunTime:0.000341s ]
INFO: [ app_end ] --START--
INFO: Run Behavior\ShowPageTraceBehavior [ RunTime:0.001274s ]
INFO: [ app_end ] --END-- [ RunTime:0.001352s ]

[ 2014-05-22T17:52:57+08:00 ] 127.0.0.1 /Admin/nav/edit/id/11/parentid/0/cid/4.html
INFO: [ app_init ] --START--
INFO: Run Behavior\BuildLiteBehavior [ RunTime:0.000027s ]
INFO: [ app_init ] --END-- [ RunTime:0.001001s ]
INFO: [ app_begin ] --START--
INFO: Run Behavior\ReadHtmlCacheBehavior [ RunTime:0.000957s ]
INFO: [ app_begin ] --END-- [ RunTime:0.001038s ]
SQL: SHOW COLUMNS FROM `sp_users` [ RunTime:0.003346s ]
SQL: SELECT * FROM `sp_users` WHERE ( ID=1 ) LIMIT 1   [ RunTime:0.000310s ]
SQL: SHOW COLUMNS FROM `sp_nav` [ RunTime:0.003271s ]
SQL: SHOW COLUMNS FROM `sp_nav_cat` [ RunTime:0.002754s ]
SQL: SELECT * FROM `sp_nav` WHERE ( cid=4 and id!=11 ) ORDER BY `listorder` ASC  [ RunTime:0.000888s ]
NOTIC: [8] Undefined index: menuid D:\AppServ\www\cmf2\application\Admin\Action\NavAction.class.php 第 141 行.
NOTIC: [8] Undefined index: menuid D:\AppServ\www\cmf2\application\Admin\Action\NavAction.class.php 第 141 行.
NOTIC: [8] Undefined index: menuid D:\AppServ\www\cmf2\application\Admin\Action\NavAction.class.php 第 141 行.
NOTIC: [8] Undefined index: menuid D:\AppServ\www\cmf2\application\Admin\Action\NavAction.class.php 第 141 行.
NOTIC: [8] Undefined index: menuid D:\AppServ\www\cmf2\application\Admin\Action\NavAction.class.php 第 141 行.
NOTIC: [8] Undefined index: menuid D:\AppServ\www\cmf2\application\Admin\Action\NavAction.class.php 第 141 行.
NOTIC: [8] Undefined index: menuid D:\AppServ\www\cmf2\application\Admin\Action\NavAction.class.php 第 141 行.
NOTIC: [8] Undefined index: menuid D:\AppServ\www\cmf2\application\Admin\Action\NavAction.class.php 第 141 行.
NOTIC: [8] Undefined index: menuid D:\AppServ\www\cmf2\application\Admin\Action\NavAction.class.php 第 141 行.
SQL: SELECT * FROM `sp_nav_cat`  [ RunTime:0.000275s ]
SQL: SELECT * FROM `sp_nav` WHERE ( id=11 ) LIMIT 1   [ RunTime:0.000226s ]
INFO: [ view_parse ] --START--
INFO: [ template_filter ] --START--
INFO: Run Behavior\ContentReplaceBehavior [ RunTime:0.000138s ]
INFO: [ template_filter ] --END-- [ RunTime:0.000242s ]
INFO: Run Behavior\ParseTemplateBehavior [ RunTime:0.020173s ]
INFO: [ view_parse ] --END-- [ RunTime:0.020268s ]
INFO: [ view_filter ] --START--
INFO: Run Behavior\WriteHtmlCacheBehavior [ RunTime:0.000753s ]
INFO: [ view_filter ] --END-- [ RunTime:0.000828s ]
INFO: [ app_end ] --START--
INFO: Run Behavior\ShowPageTraceBehavior [ RunTime:0.001374s ]
INFO: [ app_end ] --END-- [ RunTime:0.001478s ]

[ 2014-05-22T17:54:04+08:00 ] 127.0.0.1 /Portal/List/nav_index.html
INFO: [ app_init ] --START--
INFO: Run Behavior\BuildLiteBehavior [ RunTime:0.000023s ]
INFO: [ app_init ] --END-- [ RunTime:0.000584s ]
INFO: [ app_begin ] --START--
INFO: Run Behavior\ReadHtmlCacheBehavior [ RunTime:0.001484s ]
INFO: [ app_begin ] --END-- [ RunTime:0.001610s ]
SQL: SHOW COLUMNS FROM `sp_terms` [ RunTime:0.003481s ]
SQL: SELECT `term_id`,`name` FROM `sp_terms` WHERE ( `status` = 1 ) ORDER BY term_id  [ RunTime:0.000274s ]
INFO: [ app_end ] --START--
INFO: Run Behavior\ShowPageTraceBehavior [ RunTime:0.001133s ]
INFO: [ app_end ] --END-- [ RunTime:0.001225s ]

[ 2014-05-22T17:54:05+08:00 ] 127.0.0.1 /Portal/Page/nav_index.html
INFO: [ app_init ] --START--
INFO: Run Behavior\BuildLiteBehavior [ RunTime:0.000029s ]
INFO: [ app_init ] --END-- [ RunTime:0.001109s ]
INFO: [ app_begin ] --START--
INFO: Run Behavior\ReadHtmlCacheBehavior [ RunTime:0.002160s ]
INFO: [ app_begin ] --END-- [ RunTime:0.002359s ]
NOTIC: [8] Undefined offset: 1 D:\AppServ\www\cmf2\application\Common\Common\function.php 第 129 行.
SQL: SHOW COLUMNS FROM `sp_posts` [ RunTime:0.023269s ]
SQL: SELECT `ID`,`post_title` FROM `sp_posts` WHERE ( `post_status` = 1 ) AND ( `post_type` = 2 ) ORDER BY post_date  [ RunTime:0.000358s ]
INFO: [ app_end ] --START--
INFO: Run Behavior\ShowPageTraceBehavior [ RunTime:0.001191s ]
INFO: [ app_end ] --END-- [ RunTime:0.001279s ]

[ 2014-05-22T17:54:05+08:00 ] 127.0.0.1 /Admin/nav/edit/id/11/parentid/0/cid/4.html
INFO: [ app_init ] --START--
INFO: Run Behavior\BuildLiteBehavior [ RunTime:0.000025s ]
INFO: [ app_init ] --END-- [ RunTime:0.000573s ]
INFO: [ app_begin ] --START--
INFO: Run Behavior\ReadHtmlCacheBehavior [ RunTime:0.001021s ]
INFO: [ app_begin ] --END-- [ RunTime:0.001104s ]
SQL: SHOW COLUMNS FROM `sp_users` [ RunTime:0.003372s ]
SQL: SELECT * FROM `sp_users` WHERE ( ID=1 ) LIMIT 1   [ RunTime:0.000311s ]
SQL: SHOW COLUMNS FROM `sp_nav` [ RunTime:0.003127s ]
SQL: SHOW COLUMNS FROM `sp_nav_cat` [ RunTime:0.002749s ]
SQL: SELECT * FROM `sp_nav` WHERE ( cid=4 and id!=11 ) ORDER BY `listorder` ASC  [ RunTime:0.000363s ]
NOTIC: [8] Undefined index: menuid D:\AppServ\www\cmf2\application\Admin\Action\NavAction.class.php 第 141 行.
NOTIC: [8] Undefined index: menuid D:\AppServ\www\cmf2\application\Admin\Action\NavAction.class.php 第 141 行.
NOTIC: [8] Undefined index: menuid D:\AppServ\www\cmf2\application\Admin\Action\NavAction.class.php 第 141 行.
NOTIC: [8] Undefined index: menuid D:\AppServ\www\cmf2\application\Admin\Action\NavAction.class.php 第 141 行.
NOTIC: [8] Undefined index: menuid D:\AppServ\www\cmf2\application\Admin\Action\NavAction.class.php 第 141 行.
NOTIC: [8] Undefined index: menuid D:\AppServ\www\cmf2\application\Admin\Action\NavAction.class.php 第 141 行.
NOTIC: [8] Undefined index: menuid D:\AppServ\www\cmf2\application\Admin\Action\NavAction.class.php 第 141 行.
NOTIC: [8] Undefined index: menuid D:\AppServ\www\cmf2\application\Admin\Action\NavAction.class.php 第 141 行.
NOTIC: [8] Undefined index: menuid D:\AppServ\www\cmf2\application\Admin\Action\NavAction.class.php 第 141 行.
SQL: SELECT * FROM `sp_nav_cat`  [ RunTime:0.000252s ]
SQL: SELECT * FROM `sp_nav` WHERE ( id=11 ) LIMIT 1   [ RunTime:0.000437s ]
INFO: [ view_parse ] --START--
INFO: [ template_filter ] --START--
INFO: Run Behavior\ContentReplaceBehavior [ RunTime:0.000139s ]
INFO: [ template_filter ] --END-- [ RunTime:0.000230s ]
INFO: Run Behavior\ParseTemplateBehavior [ RunTime:0.019280s ]
INFO: [ view_parse ] --END-- [ RunTime:0.019390s ]
INFO: [ view_filter ] --START--
INFO: Run Behavior\WriteHtmlCacheBehavior [ RunTime:0.000527s ]
INFO: [ view_filter ] --END-- [ RunTime:0.000595s ]
INFO: [ app_end ] --START--
INFO: Run Behavior\ShowPageTraceBehavior [ RunTime:0.001068s ]
INFO: [ app_end ] --END-- [ RunTime:0.001150s ]

